<?xml version="1.0" encoding="UTF-8"?>
<testsuite xmlns:xsi="http://www.w3.org/2001/XMLSchema-instance" xsi:noNamespaceSchemaLocation="https://maven.apache.org/surefire/maven-surefire-plugin/xsd/surefire-test-report-3.0.xsd" version="3.0" name="TestSuite" time="2.541" tests="2" errors="0" skipped="0" failures="0">
  <properties>
[...]
</properties>
  <testcase name="runScenario[&quot;Получение текущей погоды для различных городов&quot;, &quot;Optional[Тестирование Weather API]&quot;](1)" classname="com.weatherapi.runner.TestRunner" time="1.669">
    <system-out><![CDATA[00:43:57.615 [main] WARN  org.testng.xml.TestNGContentHandler - It is strongly recommended to add "<!DOCTYPE suite SYSTEM "https://testng.org/testng-1.0.dtd" >" at the top of the suite file [/Users/romancakunov/cursorProjects/weather_api/src/test/resources/testng.xml] otherwise TestNG may fail or not work as expected.

@positive @current_weather
Сценарий: Получение текущей погоды для различных городов  &amp#27;[90m# src/test/resources/features/weather_api.feature:13&amp#27;[0m
00:43:58.421 [main] INFO  com.weatherapi.hooks.WireMockHooks - Запуск WireMock сервера на порту 8080
00:43:58.639 [main] INFO  wiremock.org.eclipse.jetty.util.log - Logging initialized @1502ms
00:43:58.694 [main] INFO  w.org.eclipse.jetty.server.Server - jetty-9.2.z-SNAPSHOT
00:43:58.704 [main] INFO  w.o.e.j.s.handler.ContextHandler - Started w.o.e.j.s.ServletContextHandler@48c3a0ef{/__admin,null,AVAILABLE}
00:43:58.704 [main] INFO  w.o.e.j.s.handler.ContextHandler - Started w.o.e.j.s.ServletContextHandler@5e3405a1{/,null,AVAILABLE}
00:43:58.719 [main] INFO  w.o.e.j.s.NetworkTrafficServerConnector - Started NetworkTrafficServerConnector@13f182b9{HTTP/1.1}{0.0.0.0:8080}
00:43:58.719 [main] INFO  w.org.eclipse.jetty.server.Server - Started @1582ms
00:43:58.719 [main] INFO  com.weatherapi.hooks.WireMockHooks - Настройка программных mappings...
00:43:58.744 [main] INFO  com.weatherapi.hooks.WireMockHooks - Программные mappings настроены успешно
00:43:58.744 [main] INFO  com.weatherapi.hooks.WireMockHooks - WireMock сервер запущен успешно с программными mappings
00:43:59.032 [main] INFO  com.weatherapi.steps.WeatherApiSteps - Инициализирован клиент WeatherAPI с базовым URL: http://localhost:8080
  &amp#27;[32mДано &amp#27;[0m&amp#27;[32mсервис WeatherAPI запущен на порту &amp#27;[0m&amp#27;[32m&amp#27;[1m8080&amp#27;[0m            &amp#27;[90m# com.weatherapi.steps.WeatherApiSteps.сервисWeatherAPIЗапущенНаПорту(int)&amp#27;[0m
00:43:59.032 [main] INFO  com.weatherapi.steps.WeatherApiSteps - Установлен API ключ для тестирования
  &amp#27;[32mИ &amp#27;[0m&amp#27;[32mу меня есть валидный API ключ &amp#27;[0m&amp#27;[32m&amp#27;[1m"test_api_key_123"&amp#27;[0m      &amp#27;[90m# com.weatherapi.steps.WeatherApiSteps.уМеняЕстьВалидныйAPIКлюч(java.lang.String)&amp#27;[0m
00:43:59.032 [main] INFO  com.weatherapi.steps.WeatherApiSteps - Запрос текущей погоды для города: London
00:43:59.032 [main] INFO  c.weatherapi.client.WeatherApiClient - Запрос текущей погоды для города: London
00:43:59.388 [qtp1015503057-38] INFO  / - RequestHandlerClass from context returned com.github.tomakehurst.wiremock.http.StubRequestHandler. Normalized mapped under returned 'null'
00:43:59.563 [main] INFO  c.weatherapi.client.WeatherApiClient - Получен ответ: статус 200, время ответа 348 ms
  &amp#27;[32mКогда &amp#27;[0m&amp#27;[32mя запрашиваю текущую погоду для города &amp#27;[0m&amp#27;[32m&amp#27;[1m"London"&amp#27;[0m   &amp#27;[90m# com.weatherapi.steps.WeatherApiSteps.яЗапрашиваюТекущуюПогодуДляГорода(java.lang.String)&amp#27;[0m
00:43:59.749 [main] INFO  com.weatherapi.steps.WeatherApiSteps - Ожидаемый статус: 200, Фактический статус: 200
  &amp#27;[32mТогда &amp#27;[0m&amp#27;[32mстатус ответа должен быть &amp#27;[0m&amp#27;[32m&amp#27;[1m200&amp#27;[0m                     &amp#27;[90m# com.weatherapi.steps.WeatherApiSteps.статусОтветаДолженБыть(int)&amp#27;[0m
00:43:59.752 [main] INFO  com.weatherapi.steps.WeatherApiSteps - Ответ содержит информацию о местоположении: Location{name='London', region='City of London, Greater London', country='United Kingdom', latitude=51.52, longitude=-0.11, timezoneId='Europe/London', localtime='2025-01-01 12:00'}
  &amp#27;[32mИ &amp#27;[0m&amp#27;[32mответ содержит информацию о местоположении&amp#27;[0m            &amp#27;[90m# com.weatherapi.steps.WeatherApiSteps.ответСодержитИнформациюОМестоположении()&amp#27;[0m
00:43:59.754 [main] INFO  com.weatherapi.steps.WeatherApiSteps - Ожидаемый город: London, Фактический город: London
  &amp#27;[32mИ &amp#27;[0m&amp#27;[32mназвание города в ответе равно &amp#27;[0m&amp#27;[32m&amp#27;[1m"London"&amp#27;[0m               &amp#27;[90m# com.weatherapi.steps.WeatherApiSteps.названиеГородаВОтветеРавно(java.lang.String)&amp#27;[0m
00:43:59.754 [main] INFO  com.weatherapi.steps.WeatherApiSteps - Ожидаемая страна: United Kingdom, Фактическая страна: United Kingdom
  &amp#27;[32mИ &amp#27;[0m&amp#27;[32mстрана в ответе равна &amp#27;[0m&amp#27;[32m&amp#27;[1m"United Kingdom"&amp#27;[0m                &amp#27;[90m# com.weatherapi.steps.WeatherApiSteps.странаВОтветеРавна(java.lang.String)&amp#27;[0m
00:43:59.754 [main] INFO  com.weatherapi.steps.WeatherApiSteps - Ответ содержит данные о текущей погоде: Current{temperatureCelsius=8.5, temperatureFahrenheit=47.3, condition=Condition{text='Partly cloudy', icon='//cdn.weatherapi.com/weather/64x64/day/116.png', code=1003}, windMph=15.2, humidity=72, cloudCover=75, lastUpdated='2025-01-01 12:00'}
  &amp#27;[32mИ &amp#27;[0m&amp#27;[32mответ содержит данные о текущей погоде&amp#27;[0m                &amp#27;[90m# com.weatherapi.steps.WeatherApiSteps.ответСодержитДанныеОТекущейПогоде()&amp#27;[0m
00:43:59.754 [main] INFO  com.weatherapi.steps.WeatherApiSteps - Температура в Цельсиях: 8.5°C
  &amp#27;[32mИ &amp#27;[0m&amp#27;[32mтемпература в Цельсиях присутствует в ответе&amp#27;[0m          &amp#27;[90m# com.weatherapi.steps.WeatherApiSteps.температураВЦельсияхПрисутствуетВОтвете()&amp#27;[0m
00:43:59.755 [main] INFO  com.weatherapi.steps.WeatherApiSteps - Влажность: 72%
  &amp#27;[32mИ &amp#27;[0m&amp#27;[32mвлажность присутствует в ответе&amp#27;[0m                       &amp#27;[90m# com.weatherapi.steps.WeatherApiSteps.влажностьПрисутствуетВОтвете()&amp#27;[0m
00:43:59.755 [main] INFO  com.weatherapi.steps.WeatherApiSteps - Скорость ветра: 24.5 км/ч, Направление: SW
  &amp#27;[32mИ &amp#27;[0m&amp#27;[32mинформация о ветре присутствует в ответе&amp#27;[0m              &amp#27;[90m# com.weatherapi.steps.WeatherApiSteps.информацияОВетреПрисутствуетВОтвете()&amp#27;[0m
00:43:59.755 [main] INFO  com.weatherapi.steps.WeatherApiSteps - === РЕЗУЛЬТАТ СРАВНЕНИЯ УСПЕШНОГО ОТВЕТА ===
00:43:59.755 [main] INFO  com.weatherapi.steps.WeatherApiSteps - Статус ответа: 200
00:43:59.755 [main] INFO  com.weatherapi.steps.WeatherApiSteps - Время ответа: 348 мс
00:43:59.755 [main] INFO  com.weatherapi.steps.WeatherApiSteps - Город: London (United Kingdom)
00:43:59.755 [main] INFO  com.weatherapi.steps.WeatherApiSteps - Температура: 8.5°C / 47.3°F
00:43:59.755 [main] INFO  com.weatherapi.steps.WeatherApiSteps - Влажность: 72%
00:43:59.756 [main] INFO  com.weatherapi.steps.WeatherApiSteps - Ветер: 24.5 км/ч, направление SW
00:43:59.756 [main] INFO  com.weatherapi.steps.WeatherApiSteps - Описание погоды: Partly cloudy
00:43:59.756 [main] INFO  com.weatherapi.steps.WeatherApiSteps - =======================================
  &amp#27;[32mИ &amp#27;[0m&amp#27;[32mя логирую результат сравнения&amp#27;[0m                         &amp#27;[90m# com.weatherapi.steps.WeatherApiSteps.яЛогируюРезультатСравнения()&amp#27;[0m
00:43:59.756 [main] INFO  com.weatherapi.steps.WeatherApiSteps - Запрос текущей погоды для города: Paris
00:43:59.756 [main] INFO  c.weatherapi.client.WeatherApiClient - Запрос текущей погоды для города: Paris
00:43:59.763 [main] INFO  c.weatherapi.client.WeatherApiClient - Получен ответ: статус 200, время ответа 5 ms
  &amp#27;[32mКогда &amp#27;[0m&amp#27;[32mя запрашиваю текущую погоду для города &amp#27;[0m&amp#27;[32m&amp#27;[1m"Paris"&amp#27;[0m    &amp#27;[90m# com.weatherapi.steps.WeatherApiSteps.яЗапрашиваюТекущуюПогодуДляГорода(java.lang.String)&amp#27;[0m
00:43:59.767 [main] INFO  com.weatherapi.steps.WeatherApiSteps - Ожидаемый статус: 200, Фактический статус: 200
  &amp#27;[32mТогда &amp#27;[0m&amp#27;[32mстатус ответа должен быть &amp#27;[0m&amp#27;[32m&amp#27;[1m200&amp#27;[0m                     &amp#27;[90m# com.weatherapi.steps.WeatherApiSteps.статусОтветаДолженБыть(int)&amp#27;[0m
00:43:59.767 [main] INFO  com.weatherapi.steps.WeatherApiSteps - Ответ содержит информацию о местоположении: Location{name='Paris', region='Ile-de-France', country='France', latitude=48.87, longitude=2.33, timezoneId='Europe/Paris', localtime='2025-01-01 13:00'}
  &amp#27;[32mИ &amp#27;[0m&amp#27;[32mответ содержит информацию о местоположении&amp#27;[0m            &amp#27;[90m# com.weatherapi.steps.WeatherApiSteps.ответСодержитИнформациюОМестоположении()&amp#27;[0m
00:43:59.767 [main] INFO  com.weatherapi.steps.WeatherApiSteps - Ожидаемый город: Paris, Фактический город: Paris
  &amp#27;[32mИ &amp#27;[0m&amp#27;[32mназвание города в ответе равно &amp#27;[0m&amp#27;[32m&amp#27;[1m"Paris"&amp#27;[0m                &amp#27;[90m# com.weatherapi.steps.WeatherApiSteps.названиеГородаВОтветеРавно(java.lang.String)&amp#27;[0m
00:43:59.767 [main] INFO  com.weatherapi.steps.WeatherApiSteps - Ожидаемая страна: France, Фактическая страна: France
  &amp#27;[32mИ &amp#27;[0m&amp#27;[32mстрана в ответе равна &amp#27;[0m&amp#27;[32m&amp#27;[1m"France"&amp#27;[0m                        &amp#27;[90m# com.weatherapi.steps.WeatherApiSteps.странаВОтветеРавна(java.lang.String)&amp#27;[0m
00:43:59.768 [main] INFO  com.weatherapi.steps.WeatherApiSteps - Ответ содержит данные о текущей погоде: Current{temperatureCelsius=12.3, temperatureFahrenheit=54.1, condition=Condition{text='Sunny', icon='//cdn.weatherapi.com/weather/64x64/day/113.png', code=1000}, windMph=8.1, humidity=65, cloudCover=25, lastUpdated='2025-01-01 13:00'}
  &amp#27;[32mИ &amp#27;[0m&amp#27;[32mответ содержит данные о текущей погоде&amp#27;[0m                &amp#27;[90m# com.weatherapi.steps.WeatherApiSteps.ответСодержитДанныеОТекущейПогоде()&amp#27;[0m
00:43:59.768 [main] INFO  com.weatherapi.steps.WeatherApiSteps - Температура в Цельсиях: 12.3°C
  &amp#27;[32mИ &amp#27;[0m&amp#27;[32mтемпература в Цельсиях присутствует в ответе&amp#27;[0m          &amp#27;[90m# com.weatherapi.steps.WeatherApiSteps.температураВЦельсияхПрисутствуетВОтвете()&amp#27;[0m
00:43:59.768 [main] INFO  com.weatherapi.steps.WeatherApiSteps - Влажность: 65%
  &amp#27;[32mИ &amp#27;[0m&amp#27;[32mвлажность присутствует в ответе&amp#27;[0m                       &amp#27;[90m# com.weatherapi.steps.WeatherApiSteps.влажностьПрисутствуетВОтвете()&amp#27;[0m
00:43:59.768 [main] INFO  com.weatherapi.steps.WeatherApiSteps - Скорость ветра: 13.0 км/ч, Направление: S
  &amp#27;[32mИ &amp#27;[0m&amp#27;[32mинформация о ветре присутствует в ответе&amp#27;[0m              &amp#27;[90m# com.weatherapi.steps.WeatherApiSteps.информацияОВетреПрисутствуетВОтвете()&amp#27;[0m
00:43:59.769 [main] INFO  com.weatherapi.steps.WeatherApiSteps - === РЕЗУЛЬТАТ СРАВНЕНИЯ УСПЕШНОГО ОТВЕТА ===
00:43:59.769 [main] INFO  com.weatherapi.steps.WeatherApiSteps - Статус ответа: 200
00:43:59.769 [main] INFO  com.weatherapi.steps.WeatherApiSteps - Время ответа: 5 мс
00:43:59.769 [main] INFO  com.weatherapi.steps.WeatherApiSteps - Город: Paris (France)
00:43:59.769 [main] INFO  com.weatherapi.steps.WeatherApiSteps - Температура: 12.3°C / 54.1°F
00:43:59.769 [main] INFO  com.weatherapi.steps.WeatherApiSteps - Влажность: 65%
00:43:59.769 [main] INFO  com.weatherapi.steps.WeatherApiSteps - Ветер: 13.0 км/ч, направление S
00:43:59.769 [main] INFO  com.weatherapi.steps.WeatherApiSteps - Описание погоды: Sunny
00:43:59.769 [main] INFO  com.weatherapi.steps.WeatherApiSteps - =======================================
  &amp#27;[32mИ &amp#27;[0m&amp#27;[32mя логирую результат сравнения&amp#27;[0m                         &amp#27;[90m# com.weatherapi.steps.WeatherApiSteps.яЛогируюРезультатСравнения()&amp#27;[0m
00:43:59.770 [main] INFO  com.weatherapi.steps.WeatherApiSteps - Запрос текущей погоды для города: Tokyo
00:43:59.770 [main] INFO  c.weatherapi.client.WeatherApiClient - Запрос текущей погоды для города: Tokyo
00:43:59.777 [main] INFO  c.weatherapi.client.WeatherApiClient - Получен ответ: статус 200, время ответа 6 ms
  &amp#27;[32mКогда &amp#27;[0m&amp#27;[32mя запрашиваю текущую погоду для города &amp#27;[0m&amp#27;[32m&amp#27;[1m"Tokyo"&amp#27;[0m    &amp#27;[90m# com.weatherapi.steps.WeatherApiSteps.яЗапрашиваюТекущуюПогодуДляГорода(java.lang.String)&amp#27;[0m
00:43:59.779 [main] INFO  com.weatherapi.steps.WeatherApiSteps - Ожидаемый статус: 200, Фактический статус: 200
  &amp#27;[32mТогда &amp#27;[0m&amp#27;[32mстатус ответа должен быть &amp#27;[0m&amp#27;[32m&amp#27;[1m200&amp#27;[0m                     &amp#27;[90m# com.weatherapi.steps.WeatherApiSteps.статусОтветаДолженБыть(int)&amp#27;[0m
00:43:59.779 [main] INFO  com.weatherapi.steps.WeatherApiSteps - Ответ содержит информацию о местоположении: Location{name='Tokyo', region='Tokyo', country='Japan', latitude=35.69, longitude=139.69, timezoneId='Asia/Tokyo', localtime='2025-01-01 21:00'}
  &amp#27;[32mИ &amp#27;[0m&amp#27;[32mответ содержит информацию о местоположении&amp#27;[0m            &amp#27;[90m# com.weatherapi.steps.WeatherApiSteps.ответСодержитИнформациюОМестоположении()&amp#27;[0m
00:43:59.780 [main] INFO  com.weatherapi.steps.WeatherApiSteps - Ожидаемый город: Tokyo, Фактический город: Tokyo
  &amp#27;[32mИ &amp#27;[0m&amp#27;[32mназвание города в ответе равно &amp#27;[0m&amp#27;[32m&amp#27;[1m"Tokyo"&amp#27;[0m                &amp#27;[90m# com.weatherapi.steps.WeatherApiSteps.названиеГородаВОтветеРавно(java.lang.String)&amp#27;[0m
00:43:59.780 [main] INFO  com.weatherapi.steps.WeatherApiSteps - Ожидаемая страна: Japan, Фактическая страна: Japan
  &amp#27;[32mИ &amp#27;[0m&amp#27;[32mстрана в ответе равна &amp#27;[0m&amp#27;[32m&amp#27;[1m"Japan"&amp#27;[0m                         &amp#27;[90m# com.weatherapi.steps.WeatherApiSteps.странаВОтветеРавна(java.lang.String)&amp#27;[0m
00:43:59.780 [main] INFO  com.weatherapi.steps.WeatherApiSteps - Ответ содержит данные о текущей погоде: Current{temperatureCelsius=3.2, temperatureFahrenheit=37.8, condition=Condition{text='Clear', icon='//cdn.weatherapi.com/weather/64x64/night/113.png', code=1000}, windMph=5.4, humidity=58, cloudCover=10, lastUpdated='2025-01-01 21:00'}
  &amp#27;[32mИ &amp#27;[0m&amp#27;[32mответ содержит данные о текущей погоде&amp#27;[0m                &amp#27;[90m# com.weatherapi.steps.WeatherApiSteps.ответСодержитДанныеОТекущейПогоде()&amp#27;[0m
00:43:59.780 [main] INFO  com.weatherapi.steps.WeatherApiSteps - Температура в Цельсиях: 3.2°C
  &amp#27;[32mИ &amp#27;[0m&amp#27;[32mтемпература в Цельсиях присутствует в ответе&amp#27;[0m          &amp#27;[90m# com.weatherapi.steps.WeatherApiSteps.температураВЦельсияхПрисутствуетВОтвете()&amp#27;[0m
00:43:59.781 [main] INFO  com.weatherapi.steps.WeatherApiSteps - Влажность: 58%
  &amp#27;[32mИ &amp#27;[0m&amp#27;[32mвлажность присутствует в ответе&amp#27;[0m                       &amp#27;[90m# com.weatherapi.steps.WeatherApiSteps.влажностьПрисутствуетВОтвете()&amp#27;[0m
00:43:59.781 [main] INFO  com.weatherapi.steps.WeatherApiSteps - Скорость ветра: 8.6 км/ч, Направление: W
  &amp#27;[32mИ &amp#27;[0m&amp#27;[32mинформация о ветре присутствует в ответе&amp#27;[0m              &amp#27;[90m# com.weatherapi.steps.WeatherApiSteps.информацияОВетреПрисутствуетВОтвете()&amp#27;[0m
00:43:59.781 [main] INFO  com.weatherapi.steps.WeatherApiSteps - === РЕЗУЛЬТАТ СРАВНЕНИЯ УСПЕШНОГО ОТВЕТА ===
00:43:59.781 [main] INFO  com.weatherapi.steps.WeatherApiSteps - Статус ответа: 200
00:43:59.781 [main] INFO  com.weatherapi.steps.WeatherApiSteps - Время ответа: 6 мс
00:43:59.781 [main] INFO  com.weatherapi.steps.WeatherApiSteps - Город: Tokyo (Japan)
00:43:59.781 [main] INFO  com.weatherapi.steps.WeatherApiSteps - Температура: 3.2°C / 37.8°F
00:43:59.781 [main] INFO  com.weatherapi.steps.WeatherApiSteps - Влажность: 58%
00:43:59.781 [main] INFO  com.weatherapi.steps.WeatherApiSteps - Ветер: 8.6 км/ч, направление W
00:43:59.781 [main] INFO  com.weatherapi.steps.WeatherApiSteps - Описание погоды: Clear
00:43:59.781 [main] INFO  com.weatherapi.steps.WeatherApiSteps - =======================================
  &amp#27;[32mИ &amp#27;[0m&amp#27;[32mя логирую результат сравнения&amp#27;[0m                         &amp#27;[90m# com.weatherapi.steps.WeatherApiSteps.яЛогируюРезультатСравнения()&amp#27;[0m
00:43:59.782 [main] INFO  com.weatherapi.steps.WeatherApiSteps - Запрос текущей погоды для города: New York
00:43:59.782 [main] INFO  c.weatherapi.client.WeatherApiClient - Запрос текущей погоды для города: New York
00:43:59.787 [main] INFO  c.weatherapi.client.WeatherApiClient - Получен ответ: статус 200, время ответа 4 ms
  &amp#27;[32mКогда &amp#27;[0m&amp#27;[32mя запрашиваю текущую погоду для города &amp#27;[0m&amp#27;[32m&amp#27;[1m"New York"&amp#27;[0m &amp#27;[90m# com.weatherapi.steps.WeatherApiSteps.яЗапрашиваюТекущуюПогодуДляГорода(java.lang.String)&amp#27;[0m
00:43:59.789 [main] INFO  com.weatherapi.steps.WeatherApiSteps - Ожидаемый статус: 200, Фактический статус: 200
  &amp#27;[32mТогда &amp#27;[0m&amp#27;[32mстатус ответа должен быть &amp#27;[0m&amp#27;[32m&amp#27;[1m200&amp#27;[0m                     &amp#27;[90m# com.weatherapi.steps.WeatherApiSteps.статусОтветаДолженБыть(int)&amp#27;[0m
00:43:59.789 [main] INFO  com.weatherapi.steps.WeatherApiSteps - Ответ содержит информацию о местоположении: Location{name='New York', region='New York', country='United States of America', latitude=40.71, longitude=-74.01, timezoneId='America/New_York', localtime='2025-01-01 07:00'}
  &amp#27;[32mИ &amp#27;[0m&amp#27;[32mответ содержит информацию о местоположении&amp#27;[0m            &amp#27;[90m# com.weatherapi.steps.WeatherApiSteps.ответСодержитИнформациюОМестоположении()&amp#27;[0m
00:43:59.790 [main] INFO  com.weatherapi.steps.WeatherApiSteps - Ожидаемый город: New York, Фактический город: New York
  &amp#27;[32mИ &amp#27;[0m&amp#27;[32mназвание города в ответе равно &amp#27;[0m&amp#27;[32m&amp#27;[1m"New York"&amp#27;[0m             &amp#27;[90m# com.weatherapi.steps.WeatherApiSteps.названиеГородаВОтветеРавно(java.lang.String)&amp#27;[0m
00:43:59.790 [main] INFO  com.weatherapi.steps.WeatherApiSteps - Ожидаемая страна: United States of America, Фактическая страна: United States of America
  &amp#27;[32mИ &amp#27;[0m&amp#27;[32mстрана в ответе равна &amp#27;[0m&amp#27;[32m&amp#27;[1m"United States of America"&amp#27;[0m      &amp#27;[90m# com.weatherapi.steps.WeatherApiSteps.странаВОтветеРавна(java.lang.String)&amp#27;[0m
00:43:59.790 [main] INFO  com.weatherapi.steps.WeatherApiSteps - Ответ содержит данные о текущей погоде: Current{temperatureCelsius=-2.1, temperatureFahrenheit=28.2, condition=Condition{text='Light snow', icon='//cdn.weatherapi.com/weather/64x64/day/326.png', code=1213}, windMph=18.3, humidity=78, cloudCover=90, lastUpdated='2025-01-01 07:00'}
  &amp#27;[32mИ &amp#27;[0m&amp#27;[32mответ содержит данные о текущей погоде&amp#27;[0m                &amp#27;[90m# com.weatherapi.steps.WeatherApiSteps.ответСодержитДанныеОТекущейПогоде()&amp#27;[0m
00:43:59.790 [main] INFO  com.weatherapi.steps.WeatherApiSteps - Температура в Цельсиях: -2.1°C
  &amp#27;[32mИ &amp#27;[0m&amp#27;[32mтемпература в Цельсиях присутствует в ответе&amp#27;[0m          &amp#27;[90m# com.weatherapi.steps.WeatherApiSteps.температураВЦельсияхПрисутствуетВОтвете()&amp#27;[0m
00:43:59.790 [main] INFO  com.weatherapi.steps.WeatherApiSteps - Влажность: 78%
  &amp#27;[32mИ &amp#27;[0m&amp#27;[32mвлажность присутствует в ответе&amp#27;[0m                       &amp#27;[90m# com.weatherapi.steps.WeatherApiSteps.влажностьПрисутствуетВОтвете()&amp#27;[0m
00:43:59.790 [main] INFO  com.weatherapi.steps.WeatherApiSteps - Скорость ветра: 29.5 км/ч, Направление: NW
  &amp#27;[32mИ &amp#27;[0m&amp#27;[32mинформация о ветре присутствует в ответе&amp#27;[0m              &amp#27;[90m# com.weatherapi.steps.WeatherApiSteps.информацияОВетреПрисутствуетВОтвете()&amp#27;[0m
00:43:59.790 [main] INFO  com.weatherapi.steps.WeatherApiSteps - === РЕЗУЛЬТАТ СРАВНЕНИЯ УСПЕШНОГО ОТВЕТА ===
00:43:59.791 [main] INFO  com.weatherapi.steps.WeatherApiSteps - Статус ответа: 200
00:43:59.791 [main] INFO  com.weatherapi.steps.WeatherApiSteps - Время ответа: 4 мс
00:43:59.791 [main] INFO  com.weatherapi.steps.WeatherApiSteps - Город: New York (United States of America)
00:43:59.791 [main] INFO  com.weatherapi.steps.WeatherApiSteps - Температура: -2.1°C / 28.2°F
00:43:59.791 [main] INFO  com.weatherapi.steps.WeatherApiSteps - Влажность: 78%
00:43:59.791 [main] INFO  com.weatherapi.steps.WeatherApiSteps - Ветер: 29.5 км/ч, направление NW
00:43:59.791 [main] INFO  com.weatherapi.steps.WeatherApiSteps - Описание погоды: Light snow
00:43:59.791 [main] INFO  com.weatherapi.steps.WeatherApiSteps - =======================================
  &amp#27;[32mИ &amp#27;[0m&amp#27;[32mя логирую результат сравнения&amp#27;[0m                         &amp#27;[90m# com.weatherapi.steps.WeatherApiSteps.яЛогируюРезультатСравнения()&amp#27;[0m
00:43:59.791 [main] INFO  com.weatherapi.hooks.WireMockHooks - Остановка WireMock сервера
00:43:59.794 [main] INFO  w.o.e.j.s.NetworkTrafficServerConnector - Stopped NetworkTrafficServerConnector@13f182b9{HTTP/1.1}{0.0.0.0:8080}
00:43:59.795 [main] INFO  w.o.e.j.s.handler.ContextHandler - Stopped w.o.e.j.s.ServletContextHandler@5e3405a1{/,null,UNAVAILABLE}
00:43:59.795 [main] INFO  w.o.e.j.s.handler.ContextHandler - Stopped w.o.e.j.s.ServletContextHandler@48c3a0ef{/__admin,null,UNAVAILABLE}
00:43:59.795 [main] INFO  com.weatherapi.hooks.WireMockHooks - WireMock сервер остановлен
]]></system-out>
  </testcase>
  <testcase name="runScenario[&quot;Получение различных ошибок API&quot;, &quot;Optional[Тестирование Weather API]&quot;](2)" classname="com.weatherapi.runner.TestRunner" time="0.033">
    <system-out><![CDATA[
@negative @api_errors
Сценарий: Получение различных ошибок API                                                            &amp#27;[90m# src/test/resources/features/weather_api.feature:59&amp#27;[0m
00:43:59.837 [main] INFO  com.weatherapi.hooks.WireMockHooks - Запуск WireMock сервера на порту 8080
00:43:59.840 [main] INFO  w.org.eclipse.jetty.server.Server - jetty-9.2.z-SNAPSHOT
00:43:59.841 [main] INFO  w.o.e.j.s.handler.ContextHandler - Started w.o.e.j.s.ServletContextHandler@57bd0b3c{/__admin,null,AVAILABLE}
00:43:59.841 [main] INFO  w.o.e.j.s.handler.ContextHandler - Started w.o.e.j.s.ServletContextHandler@31eb5ed6{/,null,AVAILABLE}
00:43:59.841 [main] INFO  w.o.e.j.s.NetworkTrafficServerConnector - Started NetworkTrafficServerConnector@39df2652{HTTP/1.1}{0.0.0.0:8080}
00:43:59.841 [main] INFO  w.org.eclipse.jetty.server.Server - Started @2704ms
00:43:59.842 [main] INFO  com.weatherapi.hooks.WireMockHooks - Настройка программных mappings...
00:43:59.845 [main] INFO  com.weatherapi.hooks.WireMockHooks - Программные mappings настроены успешно
00:43:59.845 [main] INFO  com.weatherapi.hooks.WireMockHooks - WireMock сервер запущен успешно с программными mappings
00:43:59.846 [main] INFO  com.weatherapi.steps.WeatherApiSteps - Инициализирован клиент WeatherAPI с базовым URL: http://localhost:8080
  &amp#27;[32mДано &amp#27;[0m&amp#27;[32mсервис WeatherAPI запущен на порту &amp#27;[0m&amp#27;[32m&amp#27;[1m8080&amp#27;[0m                                                      &amp#27;[90m# com.weatherapi.steps.WeatherApiSteps.сервисWeatherAPIЗапущенНаПорту(int)&amp#27;[0m
00:43:59.846 [main] INFO  com.weatherapi.steps.WeatherApiSteps - Установлен API ключ для тестирования
  &amp#27;[32mИ &amp#27;[0m&amp#27;[32mу меня есть валидный API ключ &amp#27;[0m&amp#27;[32m&amp#27;[1m"test_api_key_123"&amp#27;[0m                                                &amp#27;[90m# com.weatherapi.steps.WeatherApiSteps.уМеняЕстьВалидныйAPIКлюч(java.lang.String)&amp#27;[0m
00:43:59.846 [main] INFO  com.weatherapi.steps.WeatherApiSteps - Запрос текущей погоды без API ключа для города: London
00:43:59.846 [main] INFO  c.weatherapi.client.WeatherApiClient - Запрос текущей погоды без API ключа для города: London
00:43:59.851 [qtp1777344331-48] INFO  / - RequestHandlerClass from context returned com.github.tomakehurst.wiremock.http.StubRequestHandler. Normalized mapped under returned 'null'
00:43:59.856 [main] INFO  c.weatherapi.client.WeatherApiClient - Получен ответ: статус 401, время ответа 8 ms
  &amp#27;[32mКогда &amp#27;[0m&amp#27;[32mя запрашиваю текущую погоду без API ключа для города &amp#27;[0m&amp#27;[32m&amp#27;[1m"London"&amp#27;[0m                               &amp#27;[90m# com.weatherapi.steps.WeatherApiSteps.яЗапрашиваюТекущуюПогодуБезAPIКлючаДляГорода(java.lang.String)&amp#27;[0m
00:43:59.860 [main] INFO  com.weatherapi.steps.WeatherApiSteps - Ожидаемый статус: 401, Фактический статус: 401
  &amp#27;[32mТогда &amp#27;[0m&amp#27;[32mстатус ответа должен быть &amp#27;[0m&amp#27;[32m&amp#27;[1m401&amp#27;[0m                                                               &amp#27;[90m# com.weatherapi.steps.WeatherApiSteps.статусОтветаДолженБыть(int)&amp#27;[0m
00:43:59.860 [main] INFO  com.weatherapi.steps.WeatherApiSteps - Ожидаемый код ошибки: 1002, Фактический код ошибки: 1002
  &amp#27;[32mИ &amp#27;[0m&amp#27;[32mответ содержит ошибку с кодом &amp#27;[0m&amp#27;[32m&amp#27;[1m1002&amp#27;[0m                                                              &amp#27;[90m# com.weatherapi.steps.WeatherApiSteps.ответСодержитОшибкуСКодом(int)&amp#27;[0m
00:43:59.860 [main] INFO  com.weatherapi.steps.WeatherApiSteps - Ожидаемое сообщение: API key not provided., Фактическое сообщение: API key not provided.
  &amp#27;[32mИ &amp#27;[0m&amp#27;[32mсообщение об ошибке равно &amp#27;[0m&amp#27;[32m&amp#27;[1m"API key not provided."&amp#27;[0m                                               &amp#27;[90m# com.weatherapi.steps.WeatherApiSteps.сообщениеОбОшибкеРавно(java.lang.String)&amp#27;[0m
00:43:59.860 [main] INFO  com.weatherapi.steps.WeatherApiSteps - === РЕЗУЛЬТАТ СРАВНЕНИЯ ОШИБКИ ===
00:43:59.860 [main] INFO  com.weatherapi.steps.WeatherApiSteps - Статус ответа: 401
00:43:59.860 [main] INFO  com.weatherapi.steps.WeatherApiSteps - Время ответа: 8 мс
00:43:59.860 [main] INFO  com.weatherapi.steps.WeatherApiSteps - Код ошибки: 1002
00:43:59.861 [main] INFO  com.weatherapi.steps.WeatherApiSteps - Сообщение об ошибке: API key not provided.
00:43:59.861 [main] INFO  com.weatherapi.steps.WeatherApiSteps - ================================
  &amp#27;[32mИ &amp#27;[0m&amp#27;[32mя логирую результат сравнения ошибки&amp#27;[0m                                                            &amp#27;[90m# com.weatherapi.steps.WeatherApiSteps.яЛогируюРезультатСравненияОшибки()&amp#27;[0m
00:43:59.861 [main] INFO  com.weatherapi.steps.WeatherApiSteps - Запрос текущей погоды без параметра города
00:43:59.861 [main] INFO  c.weatherapi.client.WeatherApiClient - Запрос текущей погоды без параметра города
00:43:59.870 [main] INFO  c.weatherapi.client.WeatherApiClient - Получен ответ: статус 400, время ответа 8 ms
  &amp#27;[32mКогда &amp#27;[0m&amp#27;[32mя запрашиваю текущую погоду без параметра города&amp#27;[0m                                            &amp#27;[90m# com.weatherapi.steps.WeatherApiSteps.яЗапрашиваюТекущуюПогодуБезПараметраГорода()&amp#27;[0m
00:43:59.872 [main] INFO  com.weatherapi.steps.WeatherApiSteps - Ожидаемый статус: 400, Фактический статус: 400
  &amp#27;[32mТогда &amp#27;[0m&amp#27;[32mстатус ответа должен быть &amp#27;[0m&amp#27;[32m&amp#27;[1m400&amp#27;[0m                                                               &amp#27;[90m# com.weatherapi.steps.WeatherApiSteps.статусОтветаДолженБыть(int)&amp#27;[0m
00:43:59.872 [main] INFO  com.weatherapi.steps.WeatherApiSteps - Ожидаемый код ошибки: 1003, Фактический код ошибки: 1003
  &amp#27;[32mИ &amp#27;[0m&amp#27;[32mответ содержит ошибку с кодом &amp#27;[0m&amp#27;[32m&amp#27;[1m1003&amp#27;[0m                                                              &amp#27;[90m# com.weatherapi.steps.WeatherApiSteps.ответСодержитОшибкуСКодом(int)&amp#27;[0m
00:43:59.872 [main] INFO  com.weatherapi.steps.WeatherApiSteps - Ожидаемое сообщение: Parameter 'q' not provided., Фактическое сообщение: Parameter 'q' not provided.
  &amp#27;[32mИ &amp#27;[0m&amp#27;[32mсообщение об ошибке равно &amp#27;[0m&amp#27;[32m&amp#27;[1m"Parameter 'q' not provided."&amp#27;[0m                                         &amp#27;[90m# com.weatherapi.steps.WeatherApiSteps.сообщениеОбОшибкеРавно(java.lang.String)&amp#27;[0m
00:43:59.872 [main] INFO  com.weatherapi.steps.WeatherApiSteps - === РЕЗУЛЬТАТ СРАВНЕНИЯ ОШИБКИ ===
00:43:59.872 [main] INFO  com.weatherapi.steps.WeatherApiSteps - Статус ответа: 400
00:43:59.872 [main] INFO  com.weatherapi.steps.WeatherApiSteps - Время ответа: 8 мс
00:43:59.872 [main] INFO  com.weatherapi.steps.WeatherApiSteps - Код ошибки: 1003
00:43:59.872 [main] INFO  com.weatherapi.steps.WeatherApiSteps - Сообщение об ошибке: Parameter 'q' not provided.
00:43:59.872 [main] INFO  com.weatherapi.steps.WeatherApiSteps - ================================
  &amp#27;[32mИ &amp#27;[0m&amp#27;[32mя логирую результат сравнения ошибки&amp#27;[0m                                                            &amp#27;[90m# com.weatherapi.steps.WeatherApiSteps.яЛогируюРезультатСравненияОшибки()&amp#27;[0m
00:43:59.873 [main] INFO  com.weatherapi.steps.WeatherApiSteps - Запрос текущей погоды с невалидным API ключом для города: London
00:43:59.873 [main] INFO  c.weatherapi.client.WeatherApiClient - Запрос текущей погоды с невалидным ключом для города: London
00:43:59.878 [main] INFO  c.weatherapi.client.WeatherApiClient - Получен ответ: статус 401, время ответа 4 ms
  &amp#27;[32mКогда &amp#27;[0m&amp#27;[32mя запрашиваю текущую погоду с невалидным API ключом &amp#27;[0m&amp#27;[32m&amp#27;[1m"invalid_key_12345"&amp#27;[0m&amp#27;[32m для города &amp#27;[0m&amp#27;[32m&amp#27;[1m"London"&amp#27;[0m &amp#27;[90m# com.weatherapi.steps.WeatherApiSteps.яЗапрашиваюТекущуюПогодуСНевалиднымAPIКлючомДляГорода(java.lang.String,java.lang.String)&amp#27;[0m
00:43:59.880 [main] INFO  com.weatherapi.steps.WeatherApiSteps - Ожидаемый статус: 401, Фактический статус: 401
  &amp#27;[32mТогда &amp#27;[0m&amp#27;[32mстатус ответа должен быть &amp#27;[0m&amp#27;[32m&amp#27;[1m401&amp#27;[0m                                                               &amp#27;[90m# com.weatherapi.steps.WeatherApiSteps.статусОтветаДолженБыть(int)&amp#27;[0m
00:43:59.880 [main] INFO  com.weatherapi.steps.WeatherApiSteps - Ожидаемый код ошибки: 2006, Фактический код ошибки: 2006
  &amp#27;[32mИ &amp#27;[0m&amp#27;[32mответ содержит ошибку с кодом &amp#27;[0m&amp#27;[32m&amp#27;[1m2006&amp#27;[0m                                                              &amp#27;[90m# com.weatherapi.steps.WeatherApiSteps.ответСодержитОшибкуСКодом(int)&amp#27;[0m
00:43:59.880 [main] INFO  com.weatherapi.steps.WeatherApiSteps - Ожидаемое сообщение: API key provided is invalid, Фактическое сообщение: API key provided is invalid
  &amp#27;[32mИ &amp#27;[0m&amp#27;[32mсообщение об ошибке равно &amp#27;[0m&amp#27;[32m&amp#27;[1m"API key provided is invalid"&amp#27;[0m                                         &amp#27;[90m# com.weatherapi.steps.WeatherApiSteps.сообщениеОбОшибкеРавно(java.lang.String)&amp#27;[0m
00:43:59.880 [main] INFO  com.weatherapi.steps.WeatherApiSteps - === РЕЗУЛЬТАТ СРАВНЕНИЯ ОШИБКИ ===
00:43:59.880 [main] INFO  com.weatherapi.steps.WeatherApiSteps - Статус ответа: 401
00:43:59.880 [main] INFO  com.weatherapi.steps.WeatherApiSteps - Время ответа: 4 мс
00:43:59.880 [main] INFO  com.weatherapi.steps.WeatherApiSteps - Код ошибки: 2006
00:43:59.880 [main] INFO  com.weatherapi.steps.WeatherApiSteps - Сообщение об ошибке: API key provided is invalid
00:43:59.880 [main] INFO  com.weatherapi.steps.WeatherApiSteps - ================================
  &amp#27;[32mИ &amp#27;[0m&amp#27;[32mя логирую результат сравнения ошибки&amp#27;[0m                                                            &amp#27;[90m# com.weatherapi.steps.WeatherApiSteps.яЛогируюРезультатСравненияОшибки()&amp#27;[0m
00:43:59.880 [main] INFO  com.weatherapi.steps.WeatherApiSteps - Запрос текущей погоды для несуществующего города: NonExistentCity123
00:43:59.880 [main] INFO  c.weatherapi.client.WeatherApiClient - Запрос текущей погоды для несуществующего города: NonExistentCity123
00:43:59.885 [main] INFO  c.weatherapi.client.WeatherApiClient - Получен ответ: статус 400, время ответа 4 ms
  &amp#27;[32mКогда &amp#27;[0m&amp#27;[32mя запрашиваю текущую погоду для несуществующего города &amp#27;[0m&amp#27;[32m&amp#27;[1m"NonExistentCity123"&amp#27;[0m                 &amp#27;[90m# com.weatherapi.steps.WeatherApiSteps.яЗапрашиваюТекущуюПогодуДляНесуществующегоГорода(java.lang.String)&amp#27;[0m
00:43:59.886 [main] INFO  com.weatherapi.steps.WeatherApiSteps - Ожидаемый статус: 400, Фактический статус: 400
  &amp#27;[32mТогда &amp#27;[0m&amp#27;[32mстатус ответа должен быть &amp#27;[0m&amp#27;[32m&amp#27;[1m400&amp#27;[0m                                                               &amp#27;[90m# com.weatherapi.steps.WeatherApiSteps.статусОтветаДолженБыть(int)&amp#27;[0m
00:43:59.887 [main] INFO  com.weatherapi.steps.WeatherApiSteps - Ожидаемый код ошибки: 1006, Фактический код ошибки: 1006
  &amp#27;[32mИ &amp#27;[0m&amp#27;[32mответ содержит ошибку с кодом &amp#27;[0m&amp#27;[32m&amp#27;[1m1006&amp#27;[0m                                                              &amp#27;[90m# com.weatherapi.steps.WeatherApiSteps.ответСодержитОшибкуСКодом(int)&amp#27;[0m
00:43:59.887 [main] INFO  com.weatherapi.steps.WeatherApiSteps - Ожидаемое сообщение: No location found matching parameter 'q', Фактическое сообщение: No location found matching parameter 'q'
  &amp#27;[32mИ &amp#27;[0m&amp#27;[32mсообщение об ошибке равно &amp#27;[0m&amp#27;[32m&amp#27;[1m"No location found matching parameter 'q'"&amp#27;[0m                            &amp#27;[90m# com.weatherapi.steps.WeatherApiSteps.сообщениеОбОшибкеРавно(java.lang.String)&amp#27;[0m
00:43:59.887 [main] INFO  com.weatherapi.steps.WeatherApiSteps - === РЕЗУЛЬТАТ СРАВНЕНИЯ ОШИБКИ ===
00:43:59.887 [main] INFO  com.weatherapi.steps.WeatherApiSteps - Статус ответа: 400
00:43:59.887 [main] INFO  com.weatherapi.steps.WeatherApiSteps - Время ответа: 4 мс
00:43:59.887 [main] INFO  com.weatherapi.steps.WeatherApiSteps - Код ошибки: 1006
00:43:59.887 [main] INFO  com.weatherapi.steps.WeatherApiSteps - Сообщение об ошибке: No location found matching parameter 'q'
00:43:59.887 [main] INFO  com.weatherapi.steps.WeatherApiSteps - ================================
  &amp#27;[32mИ &amp#27;[0m&amp#27;[32mя логирую результат сравнения ошибки&amp#27;[0m                                                            &amp#27;[90m# com.weatherapi.steps.WeatherApiSteps.яЛогируюРезультатСравненияОшибки()&amp#27;[0m
00:43:59.887 [main] INFO  com.weatherapi.hooks.WireMockHooks - Остановка WireMock сервера
00:43:59.888 [main] INFO  w.o.e.j.s.NetworkTrafficServerConnector - Stopped NetworkTrafficServerConnector@39df2652{HTTP/1.1}{0.0.0.0:8080}
00:43:59.889 [main] INFO  w.o.e.j.s.handler.ContextHandler - Stopped w.o.e.j.s.ServletContextHandler@31eb5ed6{/,null,UNAVAILABLE}
00:43:59.889 [main] INFO  w.o.e.j.s.handler.ContextHandler - Stopped w.o.e.j.s.ServletContextHandler@57bd0b3c{/__admin,null,UNAVAILABLE}
00:43:59.889 [main] INFO  com.weatherapi.hooks.WireMockHooks - WireMock сервер остановлен
]]></system-out>
  </testcase>
</testsuite>